2024-04-08 10:53:58,074 INFO org.hibernate.validator.internal.util.Version [background-preinit] HV000001: Hibernate Validator 6.2.0.Final
2024-04-08 10:53:58,097 INFO org.springframework.boot.StartupInfoLogger [restartedMain] Starting FilmotokioApplication using Java 17.0.6 on DESKTOP-2N9HSBE with PID 38932 (C:\Users\jtoli\Desktop\filmotokio_v2\target\classes started by jtoli in C:\Users\jtoli\Desktop\filmotokio_v2)
2024-04-08 10:53:58,097 INFO org.springframework.boot.SpringApplication [restartedMain] No active profile set, falling back to default profiles: default
2024-04-08 10:53:58,138 INFO org.springframework.boot.logging.DeferredLog [restartedMain] Devtools property defaults active! Set 'spring.devtools.add-properties' to 'false' to disable
2024-04-08 10:53:58,139 INFO org.springframework.boot.logging.DeferredLog [restartedMain] For additional web related logging consider setting the 'logging.level.web' property to 'DEBUG'
2024-04-08 10:53:59,223 INFO org.springframework.data.repository.config.RepositoryConfigurationDelegate [restartedMain] Multiple Spring Data modules found, entering strict repository configuration mode!
2024-04-08 10:53:59,224 INFO org.springframework.data.repository.config.RepositoryConfigurationDelegate [restartedMain] Bootstrapping Spring Data JDBC repositories in DEFAULT mode.
2024-04-08 10:53:59,263 INFO org.springframework.data.repository.config.RepositoryConfigurationExtensionSupport [restartedMain] Spring Data JDBC - Could not safely identify store assignment for repository candidate interface com.tokioschool.filmotokio.repository.FilmRepository. If you want this repository to be a JDBC repository, consider annotating your entities with one of these annotations: org.springframework.data.relational.core.mapping.Table.
2024-04-08 10:53:59,266 INFO org.springframework.data.repository.config.RepositoryConfigurationExtensionSupport [restartedMain] Spring Data JDBC - Could not safely identify store assignment for repository candidate interface com.tokioschool.filmotokio.repository.PersonRepository. If you want this repository to be a JDBC repository, consider annotating your entities with one of these annotations: org.springframework.data.relational.core.mapping.Table.
2024-04-08 10:53:59,268 INFO org.springframework.data.repository.config.RepositoryConfigurationExtensionSupport [restartedMain] Spring Data JDBC - Could not safely identify store assignment for repository candidate interface com.tokioschool.filmotokio.repository.ReviewRepository. If you want this repository to be a JDBC repository, consider annotating your entities with one of these annotations: org.springframework.data.relational.core.mapping.Table.
2024-04-08 10:53:59,269 INFO org.springframework.data.repository.config.RepositoryConfigurationExtensionSupport [restartedMain] Spring Data JDBC - Could not safely identify store assignment for repository candidate interface com.tokioschool.filmotokio.repository.RoleRepository. If you want this repository to be a JDBC repository, consider annotating your entities with one of these annotations: org.springframework.data.relational.core.mapping.Table.
2024-04-08 10:53:59,271 INFO org.springframework.data.repository.config.RepositoryConfigurationExtensionSupport [restartedMain] Spring Data JDBC - Could not safely identify store assignment for repository candidate interface com.tokioschool.filmotokio.repository.ScoreRepository. If you want this repository to be a JDBC repository, consider annotating your entities with one of these annotations: org.springframework.data.relational.core.mapping.Table.
2024-04-08 10:53:59,273 INFO org.springframework.data.repository.config.RepositoryConfigurationExtensionSupport [restartedMain] Spring Data JDBC - Could not safely identify store assignment for repository candidate interface com.tokioschool.filmotokio.repository.UserRepository. If you want this repository to be a JDBC repository, consider annotating your entities with one of these annotations: org.springframework.data.relational.core.mapping.Table.
2024-04-08 10:53:59,274 INFO org.springframework.data.repository.config.RepositoryConfigurationDelegate [restartedMain] Finished Spring Data repository scanning in 45 ms. Found 0 JDBC repository interfaces.
2024-04-08 10:53:59,281 INFO org.springframework.data.repository.config.RepositoryConfigurationDelegate [restartedMain] Multiple Spring Data modules found, entering strict repository configuration mode!
2024-04-08 10:53:59,282 INFO org.springframework.data.repository.config.RepositoryConfigurationDelegate [restartedMain] Bootstrapping Spring Data JPA repositories in DEFAULT mode.
2024-04-08 10:53:59,336 INFO org.springframework.data.repository.config.RepositoryConfigurationDelegate [restartedMain] Finished Spring Data repository scanning in 47 ms. Found 6 JPA repository interfaces.
2024-04-08 10:54:00,037 INFO org.springframework.boot.web.embedded.tomcat.TomcatWebServer [restartedMain] Tomcat initialized with port(s): 8080 (http)
2024-04-08 10:54:00,048 INFO org.apache.juli.logging.DirectJDKLog [restartedMain] Initializing ProtocolHandler ["http-nio-8080"]
2024-04-08 10:54:00,049 INFO org.apache.juli.logging.DirectJDKLog [restartedMain] Starting service [Tomcat]
2024-04-08 10:54:00,049 INFO org.apache.juli.logging.DirectJDKLog [restartedMain] Starting Servlet engine: [Apache Tomcat/9.0.55]
2024-04-08 10:54:00,140 INFO org.apache.juli.logging.DirectJDKLog [restartedMain] Initializing Spring embedded WebApplicationContext
2024-04-08 10:54:00,140 INFO org.springframework.boot.web.servlet.context.ServletWebServerApplicationContext [restartedMain] Root WebApplicationContext: initialization completed in 2000 ms
2024-04-08 10:54:00,380 INFO com.zaxxer.hikari.HikariDataSource [restartedMain] HikariPool-1 - Starting...
2024-04-08 10:54:00,730 INFO com.zaxxer.hikari.HikariDataSource [restartedMain] HikariPool-1 - Start completed.
2024-04-08 10:54:00,859 INFO org.hibernate.jpa.internal.util.LogHelper [restartedMain] HHH000204: Processing PersistenceUnitInfo [name: default]
2024-04-08 10:54:00,936 INFO org.hibernate.Version [restartedMain] HHH000412: Hibernate ORM core version 5.6.1.Final
2024-04-08 10:54:01,108 INFO org.hibernate.annotations.common.reflection.java.JavaReflectionManager [restartedMain] HCANN000001: Hibernate Commons Annotations {5.1.2.Final}
2024-04-08 10:54:01,221 INFO org.hibernate.dialect.Dialect [restartedMain] HHH000400: Using dialect: org.hibernate.dialect.MySQL8Dialect
2024-04-08 10:54:01,936 INFO org.hibernate.engine.transaction.jta.platform.internal.JtaPlatformInitiator [restartedMain] HHH000490: Using JtaPlatform implementation: [org.hibernate.engine.transaction.jta.platform.internal.NoJtaPlatform]
2024-04-08 10:54:01,943 INFO org.springframework.orm.jpa.AbstractEntityManagerFactoryBean [restartedMain] Initialized JPA EntityManagerFactory for persistence unit 'default'
2024-04-08 10:54:02,874 INFO org.springframework.security.web.DefaultSecurityFilterChain [restartedMain] Will secure Ant [pattern='/**'] with [org.springframework.security.web.context.request.async.WebAsyncManagerIntegrationFilter@6542fdef, org.springframework.security.web.context.SecurityContextPersistenceFilter@147d6cdb, org.springframework.security.web.header.HeaderWriterFilter@7239a99e, org.springframework.security.web.csrf.CsrfFilter@27e3128d, org.springframework.security.web.authentication.logout.LogoutFilter@73a0e76b, com.tokioschool.filmotokio.security.jwt.JwtRequestFilter@540bf68, org.springframework.security.web.authentication.UsernamePasswordAuthenticationFilter@2e000996, org.springframework.security.web.savedrequest.RequestCacheAwareFilter@66b280cf, org.springframework.security.web.servletapi.SecurityContextHolderAwareRequestFilter@6d9279cb, org.springframework.security.web.authentication.AnonymousAuthenticationFilter@3ea09103, org.springframework.security.web.session.SessionManagementFilter@211ed5c9, org.springframework.security.web.access.ExceptionTranslationFilter@6ee5f65b, org.springframework.security.web.access.intercept.FilterSecurityInterceptor@c24db1b]
2024-04-08 10:54:05,154 WARN org.springframework.boot.autoconfigure.batch.JpaBatchConfigurer [restartedMain] JPA does not support custom isolation levels, so locks may not be taken when launching Jobs
2024-04-08 10:54:05,158 INFO org.springframework.batch.core.repository.support.JobRepositoryFactoryBean [restartedMain] No database type set, using meta data indicating: MYSQL
2024-04-08 10:54:05,178 INFO org.springframework.batch.core.launch.support.SimpleJobLauncher [restartedMain] No TaskExecutor has been set, defaulting to synchronous executor.
2024-04-08 10:54:05,239 WARN org.springframework.data.convert.CustomConversions [restartedMain] Registering converter from class java.time.OffsetDateTime to class org.springframework.data.jdbc.core.convert.JdbcValue as writing converter although it doesn't convert to a store-supported type! You might want to check your annotation setup at the converter implementation.
2024-04-08 10:54:05,308 INFO org.springframework.boot.devtools.autoconfigure.OptionalLiveReloadServer [restartedMain] LiveReload server is running on port 35729
2024-04-08 10:54:05,313 INFO org.springframework.boot.actuate.endpoint.web.EndpointLinksResolver [restartedMain] Exposing 1 endpoint(s) beneath base path '/actuator'
2024-04-08 10:54:05,334 INFO org.apache.juli.logging.DirectJDKLog [restartedMain] Starting ProtocolHandler ["http-nio-8080"]
2024-04-08 10:54:05,353 INFO org.springframework.boot.web.embedded.tomcat.TomcatWebServer [restartedMain] Tomcat started on port(s): 8080 (http) with context path ''
2024-04-08 10:54:05,371 INFO org.springframework.boot.StartupInfoLogger [restartedMain] Started FilmotokioApplication in 7.668 seconds (JVM running for 8.312)
2024-04-08 11:10:31,286 WARN org.springframework.beans.factory.support.DisposableBeanAdapter [SpringApplicationShutdownHook] Custom destroy method 'close' on bean with name 'reader' threw an exception: org.springframework.batch.item.ItemStreamException: Error while closing item reader
2024-04-08 11:10:31,288 INFO org.springframework.orm.jpa.AbstractEntityManagerFactoryBean [SpringApplicationShutdownHook] Closing JPA EntityManagerFactory for persistence unit 'default'
2024-04-08 11:10:31,291 INFO com.zaxxer.hikari.HikariDataSource [SpringApplicationShutdownHook] HikariPool-1 - Shutdown initiated...
2024-04-08 11:10:31,300 INFO com.zaxxer.hikari.HikariDataSource [SpringApplicationShutdownHook] HikariPool-1 - Shutdown completed.
2024-04-08 11:16:33,508 INFO org.hibernate.validator.internal.util.Version [background-preinit] HV000001: Hibernate Validator 6.2.0.Final
2024-04-08 11:16:33,536 INFO org.springframework.boot.StartupInfoLogger [restartedMain] Starting FilmotokioApplication using Java 17.0.6 on DESKTOP-2N9HSBE with PID 5532 (C:\Users\jtoli\Desktop\filmotokio_v2\target\classes started by jtoli in C:\Users\jtoli\Desktop\filmotokio_v2)
2024-04-08 11:16:33,536 INFO org.springframework.boot.SpringApplication [restartedMain] No active profile set, falling back to default profiles: default
2024-04-08 11:16:33,577 INFO org.springframework.boot.logging.DeferredLog [restartedMain] Devtools property defaults active! Set 'spring.devtools.add-properties' to 'false' to disable
2024-04-08 11:16:33,578 INFO org.springframework.boot.logging.DeferredLog [restartedMain] For additional web related logging consider setting the 'logging.level.web' property to 'DEBUG'
2024-04-08 11:16:34,528 INFO org.springframework.data.repository.config.RepositoryConfigurationDelegate [restartedMain] Multiple Spring Data modules found, entering strict repository configuration mode!
2024-04-08 11:16:34,530 INFO org.springframework.data.repository.config.RepositoryConfigurationDelegate [restartedMain] Bootstrapping Spring Data JDBC repositories in DEFAULT mode.
2024-04-08 11:16:34,568 INFO org.springframework.data.repository.config.RepositoryConfigurationExtensionSupport [restartedMain] Spring Data JDBC - Could not safely identify store assignment for repository candidate interface com.tokioschool.filmotokio.repository.FilmRepository. If you want this repository to be a JDBC repository, consider annotating your entities with one of these annotations: org.springframework.data.relational.core.mapping.Table.
2024-04-08 11:16:34,570 INFO org.springframework.data.repository.config.RepositoryConfigurationExtensionSupport [restartedMain] Spring Data JDBC - Could not safely identify store assignment for repository candidate interface com.tokioschool.filmotokio.repository.PersonRepository. If you want this repository to be a JDBC repository, consider annotating your entities with one of these annotations: org.springframework.data.relational.core.mapping.Table.
2024-04-08 11:16:34,573 INFO org.springframework.data.repository.config.RepositoryConfigurationExtensionSupport [restartedMain] Spring Data JDBC - Could not safely identify store assignment for repository candidate interface com.tokioschool.filmotokio.repository.ReviewRepository. If you want this repository to be a JDBC repository, consider annotating your entities with one of these annotations: org.springframework.data.relational.core.mapping.Table.
2024-04-08 11:16:34,574 INFO org.springframework.data.repository.config.RepositoryConfigurationExtensionSupport [restartedMain] Spring Data JDBC - Could not safely identify store assignment for repository candidate interface com.tokioschool.filmotokio.repository.RoleRepository. If you want this repository to be a JDBC repository, consider annotating your entities with one of these annotations: org.springframework.data.relational.core.mapping.Table.
2024-04-08 11:16:34,576 INFO org.springframework.data.repository.config.RepositoryConfigurationExtensionSupport [restartedMain] Spring Data JDBC - Could not safely identify store assignment for repository candidate interface com.tokioschool.filmotokio.repository.ScoreRepository. If you want this repository to be a JDBC repository, consider annotating your entities with one of these annotations: org.springframework.data.relational.core.mapping.Table.
2024-04-08 11:16:34,578 INFO org.springframework.data.repository.config.RepositoryConfigurationExtensionSupport [restartedMain] Spring Data JDBC - Could not safely identify store assignment for repository candidate interface com.tokioschool.filmotokio.repository.UserRepository. If you want this repository to be a JDBC repository, consider annotating your entities with one of these annotations: org.springframework.data.relational.core.mapping.Table.
2024-04-08 11:16:34,579 INFO org.springframework.data.repository.config.RepositoryConfigurationDelegate [restartedMain] Finished Spring Data repository scanning in 44 ms. Found 0 JDBC repository interfaces.
2024-04-08 11:16:34,588 INFO org.springframework.data.repository.config.RepositoryConfigurationDelegate [restartedMain] Multiple Spring Data modules found, entering strict repository configuration mode!
2024-04-08 11:16:34,590 INFO org.springframework.data.repository.config.RepositoryConfigurationDelegate [restartedMain] Bootstrapping Spring Data JPA repositories in DEFAULT mode.
2024-04-08 11:16:34,654 INFO org.springframework.data.repository.config.RepositoryConfigurationDelegate [restartedMain] Finished Spring Data repository scanning in 53 ms. Found 6 JPA repository interfaces.
2024-04-08 11:16:35,400 INFO org.springframework.boot.web.embedded.tomcat.TomcatWebServer [restartedMain] Tomcat initialized with port(s): 8080 (http)
2024-04-08 11:16:35,410 INFO org.apache.juli.logging.DirectJDKLog [restartedMain] Initializing ProtocolHandler ["http-nio-8080"]
2024-04-08 11:16:35,410 INFO org.apache.juli.logging.DirectJDKLog [restartedMain] Starting service [Tomcat]
2024-04-08 11:16:35,412 INFO org.apache.juli.logging.DirectJDKLog [restartedMain] Starting Servlet engine: [Apache Tomcat/9.0.55]
2024-04-08 11:16:35,494 INFO org.apache.juli.logging.DirectJDKLog [restartedMain] Initializing Spring embedded WebApplicationContext
2024-04-08 11:16:35,494 INFO org.springframework.boot.web.servlet.context.ServletWebServerApplicationContext [restartedMain] Root WebApplicationContext: initialization completed in 1915 ms
2024-04-08 11:16:35,806 INFO com.zaxxer.hikari.HikariDataSource [restartedMain] HikariPool-1 - Starting...
2024-04-08 11:16:36,137 INFO com.zaxxer.hikari.HikariDataSource [restartedMain] HikariPool-1 - Start completed.
2024-04-08 11:16:36,242 INFO org.hibernate.jpa.internal.util.LogHelper [restartedMain] HHH000204: Processing PersistenceUnitInfo [name: default]
2024-04-08 11:16:36,307 INFO org.hibernate.Version [restartedMain] HHH000412: Hibernate ORM core version 5.6.1.Final
2024-04-08 11:16:36,465 INFO org.hibernate.annotations.common.reflection.java.JavaReflectionManager [restartedMain] HCANN000001: Hibernate Commons Annotations {5.1.2.Final}
2024-04-08 11:16:36,569 INFO org.hibernate.dialect.Dialect [restartedMain] HHH000400: Using dialect: org.hibernate.dialect.MySQL8Dialect
2024-04-08 11:16:37,315 INFO org.hibernate.engine.transaction.jta.platform.internal.JtaPlatformInitiator [restartedMain] HHH000490: Using JtaPlatform implementation: [org.hibernate.engine.transaction.jta.platform.internal.NoJtaPlatform]
2024-04-08 11:16:37,322 INFO org.springframework.orm.jpa.AbstractEntityManagerFactoryBean [restartedMain] Initialized JPA EntityManagerFactory for persistence unit 'default'
2024-04-08 11:16:38,216 INFO org.springframework.security.web.DefaultSecurityFilterChain [restartedMain] Will secure Ant [pattern='/**'] with [org.springframework.security.web.context.request.async.WebAsyncManagerIntegrationFilter@1e4a001b, org.springframework.security.web.context.SecurityContextPersistenceFilter@e8b246, org.springframework.security.web.header.HeaderWriterFilter@7a3032e6, org.springframework.security.web.csrf.CsrfFilter@1f51985a, org.springframework.security.web.authentication.logout.LogoutFilter@3d8a559a, com.tokioschool.filmotokio.security.jwt.JwtRequestFilter@2106809b, org.springframework.security.web.authentication.UsernamePasswordAuthenticationFilter@15a864e3, org.springframework.security.web.savedrequest.RequestCacheAwareFilter@d22f70f, org.springframework.security.web.servletapi.SecurityContextHolderAwareRequestFilter@4849be5f, org.springframework.security.web.authentication.AnonymousAuthenticationFilter@60fadc52, org.springframework.security.web.session.SessionManagementFilter@64b41c59, org.springframework.security.web.access.ExceptionTranslationFilter@245d7955, org.springframework.security.web.access.intercept.FilterSecurityInterceptor@262280d5]
2024-04-08 11:16:40,968 WARN org.springframework.boot.autoconfigure.batch.JpaBatchConfigurer [restartedMain] JPA does not support custom isolation levels, so locks may not be taken when launching Jobs
2024-04-08 11:16:40,972 INFO org.springframework.batch.core.repository.support.JobRepositoryFactoryBean [restartedMain] No database type set, using meta data indicating: MYSQL
2024-04-08 11:16:40,994 INFO org.springframework.batch.core.launch.support.SimpleJobLauncher [restartedMain] No TaskExecutor has been set, defaulting to synchronous executor.
2024-04-08 11:16:41,053 WARN org.springframework.data.convert.CustomConversions [restartedMain] Registering converter from class java.time.OffsetDateTime to class org.springframework.data.jdbc.core.convert.JdbcValue as writing converter although it doesn't convert to a store-supported type! You might want to check your annotation setup at the converter implementation.
2024-04-08 11:16:41,119 INFO org.springframework.boot.devtools.autoconfigure.OptionalLiveReloadServer [restartedMain] LiveReload server is running on port 35729
2024-04-08 11:16:41,125 INFO org.springframework.boot.actuate.endpoint.web.EndpointLinksResolver [restartedMain] Exposing 1 endpoint(s) beneath base path '/actuator'
2024-04-08 11:16:41,146 INFO org.apache.juli.logging.DirectJDKLog [restartedMain] Starting ProtocolHandler ["http-nio-8080"]
2024-04-08 11:16:41,169 INFO org.springframework.boot.web.embedded.tomcat.TomcatWebServer [restartedMain] Tomcat started on port(s): 8080 (http) with context path ''
2024-04-08 11:16:41,190 INFO org.springframework.boot.StartupInfoLogger [restartedMain] Started FilmotokioApplication in 8.081 seconds (JVM running for 8.531)
2024-04-08 11:16:53,459 INFO org.apache.juli.logging.DirectJDKLog [http-nio-8080-exec-1] Initializing Spring DispatcherServlet 'dispatcherServlet'
2024-04-08 11:16:53,459 INFO org.springframework.web.servlet.FrameworkServlet [http-nio-8080-exec-1] Initializing Servlet 'dispatcherServlet'
2024-04-08 11:16:53,460 INFO org.springframework.web.servlet.FrameworkServlet [http-nio-8080-exec-1] Completed initialization in 1 ms
2024-04-08 11:16:53,472 WARN com.tokioschool.filmotokio.security.jwt.JwtRequestFilter [http-nio-8080-exec-1] TOKEN SEM "Bearer "
2024-04-08 11:16:54,003 WARN com.tokioschool.filmotokio.security.jwt.JwtRequestFilter [http-nio-8080-exec-2] TOKEN SEM "Bearer "
2024-04-08 11:16:54,003 WARN com.tokioschool.filmotokio.security.jwt.JwtRequestFilter [http-nio-8080-exec-3] TOKEN SEM "Bearer "
2024-04-08 11:16:54,004 WARN com.tokioschool.filmotokio.security.jwt.JwtRequestFilter [http-nio-8080-exec-5] TOKEN SEM "Bearer "
2024-04-08 11:16:54,004 WARN com.tokioschool.filmotokio.security.jwt.JwtRequestFilter [http-nio-8080-exec-4] TOKEN SEM "Bearer "
2024-04-08 11:16:54,004 WARN com.tokioschool.filmotokio.security.jwt.JwtRequestFilter [http-nio-8080-exec-6] TOKEN SEM "Bearer "
2024-04-08 11:16:54,020 WARN com.tokioschool.filmotokio.security.jwt.JwtRequestFilter [http-nio-8080-exec-8] TOKEN SEM "Bearer "
2024-04-08 11:16:54,020 WARN com.tokioschool.filmotokio.security.jwt.JwtRequestFilter [http-nio-8080-exec-7] TOKEN SEM "Bearer "
2024-04-08 11:16:54,025 WARN com.tokioschool.filmotokio.security.jwt.JwtRequestFilter [http-nio-8080-exec-9] TOKEN SEM "Bearer "
2024-04-08 11:16:54,025 WARN com.tokioschool.filmotokio.security.jwt.JwtRequestFilter [http-nio-8080-exec-10] TOKEN SEM "Bearer "
2024-04-08 11:16:54,029 WARN com.tokioschool.filmotokio.security.jwt.JwtRequestFilter [http-nio-8080-exec-1] TOKEN SEM "Bearer "
2024-04-08 11:16:54,032 WARN com.tokioschool.filmotokio.security.jwt.JwtRequestFilter [http-nio-8080-exec-6] TOKEN SEM "Bearer "
2024-04-08 11:16:54,032 WARN com.tokioschool.filmotokio.security.jwt.JwtRequestFilter [http-nio-8080-exec-5] TOKEN SEM "Bearer "
2024-04-08 11:16:54,035 WARN com.tokioschool.filmotokio.security.jwt.JwtRequestFilter [http-nio-8080-exec-4] TOKEN SEM "Bearer "
2024-04-08 11:16:54,043 WARN com.tokioschool.filmotokio.security.jwt.JwtRequestFilter [http-nio-8080-exec-3] TOKEN SEM "Bearer "
2024-04-08 11:16:54,043 WARN com.tokioschool.filmotokio.security.jwt.JwtRequestFilter [http-nio-8080-exec-2] TOKEN SEM "Bearer "
2024-04-08 11:16:57,348 WARN com.tokioschool.filmotokio.security.jwt.JwtRequestFilter [http-nio-8080-exec-8] TOKEN SEM "Bearer "
2024-04-08 12:00:00,052 INFO org.springframework.batch.core.launch.support.SimpleJobLauncher$1 [scheduling-1] Job: [SimpleJob: [name=FILM-MIGRATION]] launched with the following parameters: [{jobExecution=b3d06e49-61a5-4c94-a354-72aa79ae1ff6}]
2024-04-08 12:00:00,077 INFO org.springframework.batch.core.job.SimpleStepHandler [scheduling-1] Executing step: [STEP]
2024-04-08 12:00:00,106 INFO org.springframework.batch.core.step.AbstractStep [scheduling-1] Step: [STEP] executed in 29ms
2024-04-08 12:00:00,116 INFO org.springframework.batch.core.launch.support.SimpleJobLauncher$1 [scheduling-1] Job: [SimpleJob: [name=FILM-MIGRATION]] completed with the following parameters: [{jobExecution=b3d06e49-61a5-4c94-a354-72aa79ae1ff6}] and the following status: [COMPLETED] in 50ms
2024-04-08 12:00:00,137 INFO com.tokioschool.filmotokio.batch.FilmExporterListner [scheduling-1] Starting job: FILM-MIGRATION Records to be migrated: 0
2024-04-08 12:00:00,146 INFO com.tokioschool.filmotokio.batch.FilmExporterListner [scheduling-1] Ending job: FILM-MIGRATION status: COMPLETED seconds:0 Records to be migrated: 0
2024-04-08 14:25:51,463 WARN com.tokioschool.filmotokio.security.jwt.JwtRequestFilter [http-nio-8080-exec-6] TOKEN SEM "Bearer "
2024-04-08 14:25:51,690 WARN com.tokioschool.filmotokio.security.jwt.JwtRequestFilter [http-nio-8080-exec-4] TOKEN SEM "Bearer "
2024-04-08 14:25:51,691 WARN com.tokioschool.filmotokio.security.jwt.JwtRequestFilter [http-nio-8080-exec-3] TOKEN SEM "Bearer "
2024-04-08 14:25:51,694 WARN com.tokioschool.filmotokio.security.jwt.JwtRequestFilter [http-nio-8080-exec-2] TOKEN SEM "Bearer "
2024-04-08 14:25:51,694 WARN com.tokioschool.filmotokio.security.jwt.JwtRequestFilter [http-nio-8080-exec-8] TOKEN SEM "Bearer "
2024-04-08 14:25:51,694 WARN com.tokioschool.filmotokio.security.jwt.JwtRequestFilter [http-nio-8080-exec-10] TOKEN SEM "Bearer "
2024-04-08 14:25:51,694 WARN com.tokioschool.filmotokio.security.jwt.JwtRequestFilter [http-nio-8080-exec-9] TOKEN SEM "Bearer "
2024-04-08 14:25:51,699 WARN com.tokioschool.filmotokio.security.jwt.JwtRequestFilter [http-nio-8080-exec-2] TOKEN SEM "Bearer "
2024-04-08 14:25:51,703 WARN com.tokioschool.filmotokio.security.jwt.JwtRequestFilter [http-nio-8080-exec-5] TOKEN SEM "Bearer "
2024-04-08 14:25:51,703 WARN com.tokioschool.filmotokio.security.jwt.JwtRequestFilter [http-nio-8080-exec-6] TOKEN SEM "Bearer "
2024-04-08 14:25:51,703 WARN com.tokioschool.filmotokio.security.jwt.JwtRequestFilter [http-nio-8080-exec-4] TOKEN SEM "Bearer "
2024-04-08 14:25:51,703 WARN com.tokioschool.filmotokio.security.jwt.JwtRequestFilter [http-nio-8080-exec-3] TOKEN SEM "Bearer "
2024-04-08 14:25:51,703 WARN com.tokioschool.filmotokio.security.jwt.JwtRequestFilter [http-nio-8080-exec-1] TOKEN SEM "Bearer "
2024-04-08 14:25:51,705 WARN com.tokioschool.filmotokio.security.jwt.JwtRequestFilter [http-nio-8080-exec-10] TOKEN SEM "Bearer "
2024-04-08 14:25:51,710 WARN com.tokioschool.filmotokio.security.jwt.JwtRequestFilter [http-nio-8080-exec-8] TOKEN SEM "Bearer "
2024-04-08 14:25:51,710 WARN com.tokioschool.filmotokio.security.jwt.JwtRequestFilter [http-nio-8080-exec-7] TOKEN SEM "Bearer "
2024-04-08 14:25:59,681 INFO org.springframework.orm.jpa.AbstractEntityManagerFactoryBean [SpringApplicationShutdownHook] Closing JPA EntityManagerFactory for persistence unit 'default'
2024-04-08 14:25:59,687 INFO com.zaxxer.hikari.HikariDataSource [SpringApplicationShutdownHook] HikariPool-1 - Shutdown initiated...
2024-04-08 14:25:59,691 INFO com.zaxxer.hikari.HikariDataSource [SpringApplicationShutdownHook] HikariPool-1 - Shutdown completed.
2024-04-08 15:05:21,447 INFO org.hibernate.validator.internal.util.Version [background-preinit] HV000001: Hibernate Validator 6.2.0.Final
2024-04-08 15:05:21,464 INFO org.springframework.boot.StartupInfoLogger [main] Starting FilmotokioApplicationTests using Java 17.0.9 on DESKTOP-2N9HSBE with PID 27960 (started by jtoli in C:\Users\jtoli\Desktop\filmotokio_v2)
2024-04-08 15:05:21,464 INFO org.springframework.boot.SpringApplication [main] No active profile set, falling back to default profiles: default
2024-04-08 15:05:22,460 INFO org.springframework.data.repository.config.RepositoryConfigurationDelegate [main] Multiple Spring Data modules found, entering strict repository configuration mode!
2024-04-08 15:05:22,462 INFO org.springframework.data.repository.config.RepositoryConfigurationDelegate [main] Bootstrapping Spring Data JDBC repositories in DEFAULT mode.
2024-04-08 15:05:22,504 INFO org.springframework.data.repository.config.RepositoryConfigurationExtensionSupport [main] Spring Data JDBC - Could not safely identify store assignment for repository candidate interface com.tokioschool.filmotokio.repository.FilmRepository. If you want this repository to be a JDBC repository, consider annotating your entities with one of these annotations: org.springframework.data.relational.core.mapping.Table.
2024-04-08 15:05:22,506 INFO org.springframework.data.repository.config.RepositoryConfigurationExtensionSupport [main] Spring Data JDBC - Could not safely identify store assignment for repository candidate interface com.tokioschool.filmotokio.repository.PersonRepository. If you want this repository to be a JDBC repository, consider annotating your entities with one of these annotations: org.springframework.data.relational.core.mapping.Table.
2024-04-08 15:05:22,508 INFO org.springframework.data.repository.config.RepositoryConfigurationExtensionSupport [main] Spring Data JDBC - Could not safely identify store assignment for repository candidate interface com.tokioschool.filmotokio.repository.ReviewRepository. If you want this repository to be a JDBC repository, consider annotating your entities with one of these annotations: org.springframework.data.relational.core.mapping.Table.
2024-04-08 15:05:22,511 INFO org.springframework.data.repository.config.RepositoryConfigurationExtensionSupport [main] Spring Data JDBC - Could not safely identify store assignment for repository candidate interface com.tokioschool.filmotokio.repository.RoleRepository. If you want this repository to be a JDBC repository, consider annotating your entities with one of these annotations: org.springframework.data.relational.core.mapping.Table.
2024-04-08 15:05:22,513 INFO org.springframework.data.repository.config.RepositoryConfigurationExtensionSupport [main] Spring Data JDBC - Could not safely identify store assignment for repository candidate interface com.tokioschool.filmotokio.repository.ScoreRepository. If you want this repository to be a JDBC repository, consider annotating your entities with one of these annotations: org.springframework.data.relational.core.mapping.Table.
2024-04-08 15:05:22,516 INFO org.springframework.data.repository.config.RepositoryConfigurationExtensionSupport [main] Spring Data JDBC - Could not safely identify store assignment for repository candidate interface com.tokioschool.filmotokio.repository.UserRepository. If you want this repository to be a JDBC repository, consider annotating your entities with one of these annotations: org.springframework.data.relational.core.mapping.Table.
2024-04-08 15:05:22,517 INFO org.springframework.data.repository.config.RepositoryConfigurationDelegate [main] Finished Spring Data repository scanning in 50 ms. Found 0 JDBC repository interfaces.
2024-04-08 15:05:22,526 INFO org.springframework.data.repository.config.RepositoryConfigurationDelegate [main] Multiple Spring Data modules found, entering strict repository configuration mode!
2024-04-08 15:05:22,527 INFO org.springframework.data.repository.config.RepositoryConfigurationDelegate [main] Bootstrapping Spring Data JPA repositories in DEFAULT mode.
2024-04-08 15:05:22,588 INFO org.springframework.data.repository.config.RepositoryConfigurationDelegate [main] Finished Spring Data repository scanning in 54 ms. Found 6 JPA repository interfaces.
2024-04-08 15:05:23,131 INFO com.zaxxer.hikari.HikariDataSource [main] HikariPool-1 - Starting...
2024-04-08 15:05:23,506 INFO com.zaxxer.hikari.HikariDataSource [main] HikariPool-1 - Start completed.
2024-04-08 15:05:23,657 INFO org.hibernate.jpa.internal.util.LogHelper [main] HHH000204: Processing PersistenceUnitInfo [name: default]
2024-04-08 15:05:23,745 INFO org.hibernate.Version [main] HHH000412: Hibernate ORM core version 5.6.1.Final
2024-04-08 15:05:23,923 INFO org.hibernate.annotations.common.reflection.java.JavaReflectionManager [main] HCANN000001: Hibernate Commons Annotations {5.1.2.Final}
2024-04-08 15:05:24,031 INFO org.hibernate.dialect.Dialect [main] HHH000400: Using dialect: org.hibernate.dialect.MySQL8Dialect
2024-04-08 15:05:24,880 INFO org.hibernate.engine.transaction.jta.platform.internal.JtaPlatformInitiator [main] HHH000490: Using JtaPlatform implementation: [org.hibernate.engine.transaction.jta.platform.internal.NoJtaPlatform]
2024-04-08 15:05:24,887 INFO org.springframework.orm.jpa.AbstractEntityManagerFactoryBean [main] Initialized JPA EntityManagerFactory for persistence unit 'default'
2024-04-08 15:05:26,348 INFO org.springframework.security.web.DefaultSecurityFilterChain [main] Will secure Ant [pattern='/**'] with [org.springframework.security.web.context.request.async.WebAsyncManagerIntegrationFilter@7d453075, org.springframework.security.web.context.SecurityContextPersistenceFilter@6a577564, org.springframework.security.web.header.HeaderWriterFilter@72b689f6, org.springframework.security.web.csrf.CsrfFilter@36def543, org.springframework.security.web.authentication.logout.LogoutFilter@665e18d5, com.tokioschool.filmotokio.security.jwt.JwtRequestFilter@308e465b, org.springframework.security.web.authentication.UsernamePasswordAuthenticationFilter@326d39fd, org.springframework.security.web.savedrequest.RequestCacheAwareFilter@5a110e7d, org.springframework.security.web.servletapi.SecurityContextHolderAwareRequestFilter@79392584, org.springframework.security.web.authentication.AnonymousAuthenticationFilter@16df0ebd, org.springframework.security.web.session.SessionManagementFilter@7308d133, org.springframework.security.web.access.ExceptionTranslationFilter@235b4aea, org.springframework.security.web.access.intercept.FilterSecurityInterceptor@333e01c6]
2024-04-08 15:05:30,180 WARN org.springframework.boot.autoconfigure.batch.JpaBatchConfigurer [main] JPA does not support custom isolation levels, so locks may not be taken when launching Jobs
2024-04-08 15:05:30,184 INFO org.springframework.batch.core.repository.support.JobRepositoryFactoryBean [main] No database type set, using meta data indicating: MYSQL
2024-04-08 15:05:30,209 INFO org.springframework.batch.core.launch.support.SimpleJobLauncher [main] No TaskExecutor has been set, defaulting to synchronous executor.
2024-04-08 15:05:30,291 WARN org.springframework.data.convert.CustomConversions [main] Registering converter from class java.time.OffsetDateTime to class org.springframework.data.jdbc.core.convert.JdbcValue as writing converter although it doesn't convert to a store-supported type! You might want to check your annotation setup at the converter implementation.
2024-04-08 15:05:30,369 INFO org.springframework.boot.actuate.endpoint.web.EndpointLinksResolver [main] Exposing 1 endpoint(s) beneath base path '/actuator'
2024-04-08 15:05:30,413 INFO org.springframework.boot.StartupInfoLogger [main] Started FilmotokioApplicationTests in 9.29 seconds (JVM running for 10.105)
2024-04-08 15:05:30,698 WARN org.springframework.beans.factory.support.DisposableBeanAdapter [SpringApplicationShutdownHook] Custom destroy method 'close' on bean with name 'reader' threw an exception: org.springframework.batch.item.ItemStreamException: Error while closing item reader
2024-04-08 15:05:30,698 INFO org.springframework.orm.jpa.AbstractEntityManagerFactoryBean [SpringApplicationShutdownHook] Closing JPA EntityManagerFactory for persistence unit 'default'
2024-04-08 15:05:30,702 INFO com.zaxxer.hikari.HikariDataSource [SpringApplicationShutdownHook] HikariPool-1 - Shutdown initiated...
2024-04-08 15:05:30,711 INFO com.zaxxer.hikari.HikariDataSource [SpringApplicationShutdownHook] HikariPool-1 - Shutdown completed.
2024-04-08 23:33:52,392 INFO org.hibernate.validator.internal.util.Version [background-preinit] HV000001: Hibernate Validator 6.2.0.Final
2024-04-08 23:33:52,402 INFO org.springframework.boot.StartupInfoLogger [main] Starting FilmotokioApplicationTests using Java 17.0.9 on DESKTOP-2N9HSBE with PID 27556 (started by jtoli in C:\Users\jtoli\Desktop\filmotokio_v2)
2024-04-08 23:33:52,403 INFO org.springframework.boot.SpringApplication [main] No active profile set, falling back to default profiles: default
2024-04-08 23:33:53,407 INFO org.springframework.data.repository.config.RepositoryConfigurationDelegate [main] Multiple Spring Data modules found, entering strict repository configuration mode!
2024-04-08 23:33:53,409 INFO org.springframework.data.repository.config.RepositoryConfigurationDelegate [main] Bootstrapping Spring Data JDBC repositories in DEFAULT mode.
2024-04-08 23:33:53,451 INFO org.springframework.data.repository.config.RepositoryConfigurationExtensionSupport [main] Spring Data JDBC - Could not safely identify store assignment for repository candidate interface com.tokioschool.filmotokio.repository.FilmRepository. If you want this repository to be a JDBC repository, consider annotating your entities with one of these annotations: org.springframework.data.relational.core.mapping.Table.
2024-04-08 23:33:53,453 INFO org.springframework.data.repository.config.RepositoryConfigurationExtensionSupport [main] Spring Data JDBC - Could not safely identify store assignment for repository candidate interface com.tokioschool.filmotokio.repository.PersonRepository. If you want this repository to be a JDBC repository, consider annotating your entities with one of these annotations: org.springframework.data.relational.core.mapping.Table.
2024-04-08 23:33:53,455 INFO org.springframework.data.repository.config.RepositoryConfigurationExtensionSupport [main] Spring Data JDBC - Could not safely identify store assignment for repository candidate interface com.tokioschool.filmotokio.repository.ReviewRepository. If you want this repository to be a JDBC repository, consider annotating your entities with one of these annotations: org.springframework.data.relational.core.mapping.Table.
2024-04-08 23:33:53,457 INFO org.springframework.data.repository.config.RepositoryConfigurationExtensionSupport [main] Spring Data JDBC - Could not safely identify store assignment for repository candidate interface com.tokioschool.filmotokio.repository.RoleRepository. If you want this repository to be a JDBC repository, consider annotating your entities with one of these annotations: org.springframework.data.relational.core.mapping.Table.
2024-04-08 23:33:53,459 INFO org.springframework.data.repository.config.RepositoryConfigurationExtensionSupport [main] Spring Data JDBC - Could not safely identify store assignment for repository candidate interface com.tokioschool.filmotokio.repository.ScoreRepository. If you want this repository to be a JDBC repository, consider annotating your entities with one of these annotations: org.springframework.data.relational.core.mapping.Table.
2024-04-08 23:33:53,462 INFO org.springframework.data.repository.config.RepositoryConfigurationExtensionSupport [main] Spring Data JDBC - Could not safely identify store assignment for repository candidate interface com.tokioschool.filmotokio.repository.UserRepository. If you want this repository to be a JDBC repository, consider annotating your entities with one of these annotations: org.springframework.data.relational.core.mapping.Table.
2024-04-08 23:33:53,463 INFO org.springframework.data.repository.config.RepositoryConfigurationDelegate [main] Finished Spring Data repository scanning in 47 ms. Found 0 JDBC repository interfaces.
2024-04-08 23:33:53,471 INFO org.springframework.data.repository.config.RepositoryConfigurationDelegate [main] Multiple Spring Data modules found, entering strict repository configuration mode!
2024-04-08 23:33:53,472 INFO org.springframework.data.repository.config.RepositoryConfigurationDelegate [main] Bootstrapping Spring Data JPA repositories in DEFAULT mode.
2024-04-08 23:33:53,525 INFO org.springframework.data.repository.config.RepositoryConfigurationDelegate [main] Finished Spring Data repository scanning in 48 ms. Found 6 JPA repository interfaces.
2024-04-08 23:33:54,000 INFO com.zaxxer.hikari.HikariDataSource [main] HikariPool-1 - Starting...
2024-04-08 23:33:54,426 INFO com.zaxxer.hikari.HikariDataSource [main] HikariPool-1 - Start completed.
2024-04-08 23:33:54,562 INFO org.hibernate.jpa.internal.util.LogHelper [main] HHH000204: Processing PersistenceUnitInfo [name: default]
2024-04-08 23:33:54,645 INFO org.hibernate.Version [main] HHH000412: Hibernate ORM core version 5.6.1.Final
2024-04-08 23:33:54,817 INFO org.hibernate.annotations.common.reflection.java.JavaReflectionManager [main] HCANN000001: Hibernate Commons Annotations {5.1.2.Final}
2024-04-08 23:33:54,935 INFO org.hibernate.dialect.Dialect [main] HHH000400: Using dialect: org.hibernate.dialect.MySQL8Dialect
2024-04-08 23:33:55,728 INFO org.hibernate.engine.transaction.jta.platform.internal.JtaPlatformInitiator [main] HHH000490: Using JtaPlatform implementation: [org.hibernate.engine.transaction.jta.platform.internal.NoJtaPlatform]
2024-04-08 23:33:55,736 INFO org.springframework.orm.jpa.AbstractEntityManagerFactoryBean [main] Initialized JPA EntityManagerFactory for persistence unit 'default'
2024-04-08 23:33:56,982 INFO org.springframework.security.web.DefaultSecurityFilterChain [main] Will secure Ant [pattern='/**'] with [org.springframework.security.web.context.request.async.WebAsyncManagerIntegrationFilter@6fa5fc67, org.springframework.security.web.context.SecurityContextPersistenceFilter@4557723a, org.springframework.security.web.header.HeaderWriterFilter@235b4aea, org.springframework.security.web.csrf.CsrfFilter@1a507ea0, org.springframework.security.web.authentication.logout.LogoutFilter@c6a1be2, com.tokioschool.filmotokio.security.jwt.JwtRequestFilter@6e6bd43b, org.springframework.security.web.authentication.UsernamePasswordAuthenticationFilter@5b9c74a, org.springframework.security.web.savedrequest.RequestCacheAwareFilter@21dbd651, org.springframework.security.web.servletapi.SecurityContextHolderAwareRequestFilter@5a110e7d, org.springframework.security.web.authentication.AnonymousAuthenticationFilter@17e323fd, org.springframework.security.web.session.SessionManagementFilter@1dcf5f38, org.springframework.security.web.access.ExceptionTranslationFilter@11df0bc7, org.springframework.security.web.access.intercept.FilterSecurityInterceptor@322399e6]
2024-04-08 23:34:07,381 WARN org.springframework.boot.autoconfigure.batch.JpaBatchConfigurer [main] JPA does not support custom isolation levels, so locks may not be taken when launching Jobs
2024-04-08 23:34:07,387 INFO org.springframework.batch.core.repository.support.JobRepositoryFactoryBean [main] No database type set, using meta data indicating: MYSQL
2024-04-08 23:34:07,414 INFO org.springframework.batch.core.launch.support.SimpleJobLauncher [main] No TaskExecutor has been set, defaulting to synchronous executor.
2024-04-08 23:34:07,500 WARN org.springframework.data.convert.CustomConversions [main] Registering converter from class java.time.OffsetDateTime to class org.springframework.data.jdbc.core.convert.JdbcValue as writing converter although it doesn't convert to a store-supported type! You might want to check your annotation setup at the converter implementation.
2024-04-08 23:34:07,581 INFO org.springframework.boot.actuate.endpoint.web.EndpointLinksResolver [main] Exposing 1 endpoint(s) beneath base path '/actuator'
2024-04-08 23:34:07,638 INFO org.springframework.boot.StartupInfoLogger [main] Started FilmotokioApplicationTests in 15.581 seconds (JVM running for 16.43)
2024-04-08 23:34:07,908 WARN org.springframework.beans.factory.support.DisposableBeanAdapter [SpringApplicationShutdownHook] Custom destroy method 'close' on bean with name 'reader' threw an exception: org.springframework.batch.item.ItemStreamException: Error while closing item reader
2024-04-08 23:34:07,908 INFO org.springframework.orm.jpa.AbstractEntityManagerFactoryBean [SpringApplicationShutdownHook] Closing JPA EntityManagerFactory for persistence unit 'default'
2024-04-08 23:34:07,911 INFO com.zaxxer.hikari.HikariDataSource [SpringApplicationShutdownHook] HikariPool-1 - Shutdown initiated...
2024-04-08 23:34:07,919 INFO com.zaxxer.hikari.HikariDataSource [SpringApplicationShutdownHook] HikariPool-1 - Shutdown completed.
